[2023-12-09T00:51:44.116+0000] {taskinstance.py:1159} INFO - Dependencies all met for dep_context=non-requeueable deps ti=<TaskInstance: taskflow.extract manual__2023-12-09T00:51:42.362747+00:00 [queued]>
[2023-12-09T00:51:44.122+0000] {taskinstance.py:1159} INFO - Dependencies all met for dep_context=requeueable deps ti=<TaskInstance: taskflow.extract manual__2023-12-09T00:51:42.362747+00:00 [queued]>
[2023-12-09T00:51:44.122+0000] {taskinstance.py:1361} INFO - Starting attempt 1 of 0
[2023-12-09T00:51:44.131+0000] {taskinstance.py:1382} INFO - Executing <Task(_PythonDecoratedOperator): extract> on 2023-12-09 00:51:42.362747+00:00
[2023-12-09T00:51:44.140+0000] {standard_task_runner.py:57} INFO - Started process 2974 to run task
[2023-12-09T00:51:44.145+0000] {standard_task_runner.py:84} INFO - Running: ['***', 'tasks', 'run', 'taskflow', 'extract', 'manual__2023-12-09T00:51:42.362747+00:00', '--job-id', '70', '--raw', '--subdir', 'DAGS_FOLDER/test_decorator.py', '--cfg-path', '/tmp/tmpts6dbf3v']
[2023-12-09T00:51:44.149+0000] {standard_task_runner.py:85} INFO - Job 70: Subtask extract
[2023-12-09T00:51:44.196+0000] {task_command.py:416} INFO - Running <TaskInstance: taskflow.extract manual__2023-12-09T00:51:42.362747+00:00 [running]> on host 3de6e37e1218
[2023-12-09T00:51:44.279+0000] {taskinstance.py:1662} INFO - Exporting env vars: AIRFLOW_CTX_DAG_OWNER='***' AIRFLOW_CTX_DAG_ID='taskflow' AIRFLOW_CTX_TASK_ID='extract' AIRFLOW_CTX_EXECUTION_DATE='2023-12-09T00:51:42.362747+00:00' AIRFLOW_CTX_TRY_NUMBER='1' AIRFLOW_CTX_DAG_RUN_ID='manual__2023-12-09T00:51:42.362747+00:00'
[2023-12-09T00:51:44.280+0000] {taskinstance.py:1937} ERROR - Task failed with exception
Traceback (most recent call last):
  File "/home/airflow/.local/lib/python3.8/site-packages/airflow/decorators/base.py", line 221, in execute
    return_value = super().execute(context)
  File "/home/airflow/.local/lib/python3.8/site-packages/airflow/operators/python.py", line 192, in execute
    return_value = self.execute_callable()
  File "/home/airflow/.local/lib/python3.8/site-packages/airflow/operators/python.py", line 209, in execute_callable
    return self.python_callable(*self.op_args, **self.op_kwargs)
  File "/opt/airflow/dags/test_decorator.py", line 21, in extract_file_path
    for filename in os.listdir(FOLDER_PATH):
NameError: name 'os' is not defined
[2023-12-09T00:51:44.289+0000] {taskinstance.py:1400} INFO - Marking task as FAILED. dag_id=taskflow, task_id=extract, execution_date=20231209T005142, start_date=20231209T005144, end_date=20231209T005144
[2023-12-09T00:51:44.299+0000] {standard_task_runner.py:104} ERROR - Failed to execute job 70 for task extract (name 'os' is not defined; 2974)
[2023-12-09T00:51:44.323+0000] {local_task_job_runner.py:228} INFO - Task exited with return code 1
[2023-12-09T00:51:44.340+0000] {taskinstance.py:2778} INFO - 0 downstream tasks scheduled from follow-on schedule check
