[2024-01-10T11:42:57.976+0000] {taskinstance.py:1159} INFO - Dependencies all met for dep_context=non-requeueable deps ti=<TaskInstance: sql_example.train_model manual__2024-01-10T11:42:06.300480+00:00 [queued]>
[2024-01-10T11:42:57.982+0000] {taskinstance.py:1159} INFO - Dependencies all met for dep_context=requeueable deps ti=<TaskInstance: sql_example.train_model manual__2024-01-10T11:42:06.300480+00:00 [queued]>
[2024-01-10T11:42:57.983+0000] {taskinstance.py:1361} INFO - Starting attempt 1 of 0
[2024-01-10T11:42:57.992+0000] {taskinstance.py:1382} INFO - Executing <Task(PythonOperator): train_model> on 2024-01-10 11:42:06.300480+00:00
[2024-01-10T11:42:58.004+0000] {standard_task_runner.py:57} INFO - Started process 44926 to run task
[2024-01-10T11:42:58.009+0000] {standard_task_runner.py:84} INFO - Running: ['***', 'tasks', 'run', 'sql_example', 'train_model', 'manual__2024-01-10T11:42:06.300480+00:00', '--job-id', '275', '--raw', '--subdir', 'DAGS_FOLDER/data_transform_BQ.py', '--cfg-path', '/tmp/tmpq815xmas']
[2024-01-10T11:42:58.013+0000] {standard_task_runner.py:85} INFO - Job 275: Subtask train_model
[2024-01-10T11:42:58.056+0000] {task_command.py:416} INFO - Running <TaskInstance: sql_example.train_model manual__2024-01-10T11:42:06.300480+00:00 [running]> on host 812d78d3a260
[2024-01-10T11:42:58.126+0000] {taskinstance.py:1662} INFO - Exporting env vars: AIRFLOW_CTX_DAG_OWNER='phungquan' AIRFLOW_CTX_DAG_ID='sql_example' AIRFLOW_CTX_TASK_ID='train_model' AIRFLOW_CTX_EXECUTION_DATE='2024-01-10T11:42:06.300480+00:00' AIRFLOW_CTX_TRY_NUMBER='1' AIRFLOW_CTX_DAG_RUN_ID='manual__2024-01-10T11:42:06.300480+00:00'
[2024-01-10T11:43:01.277+0000] {taskinstance.py:1937} ERROR - Task failed with exception
Traceback (most recent call last):
  File "/home/airflow/.local/lib/python3.8/site-packages/airflow/operators/python.py", line 192, in execute
    return_value = self.execute_callable()
  File "/home/airflow/.local/lib/python3.8/site-packages/airflow/operators/python.py", line 209, in execute_callable
    return self.python_callable(*self.op_args, **self.op_kwargs)
  File "/opt/airflow/dags/data_transform_BQ.py", line 99, in model_training
    train_model()
  File "/opt/airflow/dags/clustering.py", line 25, in train_model
    kmeans.fit(df)
  File "/home/airflow/.local/lib/python3.8/site-packages/sklearn/base.py", line 1152, in wrapper
    return fit_method(estimator, *args, **kwargs)
  File "/home/airflow/.local/lib/python3.8/site-packages/sklearn/cluster/_kmeans.py", line 1475, in fit
    X = self._validate_data(
  File "/home/airflow/.local/lib/python3.8/site-packages/sklearn/base.py", line 605, in _validate_data
    out = check_array(X, input_name="X", **check_params)
  File "/home/airflow/.local/lib/python3.8/site-packages/sklearn/utils/validation.py", line 836, in check_array
    array = array.astype(new_dtype)
  File "/home/airflow/.local/lib/python3.8/site-packages/pandas/core/generic.py", line 6324, in astype
    new_data = self._mgr.astype(dtype=dtype, copy=copy, errors=errors)
  File "/home/airflow/.local/lib/python3.8/site-packages/pandas/core/internals/managers.py", line 451, in astype
    return self.apply(
  File "/home/airflow/.local/lib/python3.8/site-packages/pandas/core/internals/managers.py", line 352, in apply
    applied = getattr(b, f)(**kwargs)
  File "/home/airflow/.local/lib/python3.8/site-packages/pandas/core/internals/blocks.py", line 511, in astype
    new_values = astype_array_safe(values, dtype, copy=copy, errors=errors)
  File "/home/airflow/.local/lib/python3.8/site-packages/pandas/core/dtypes/astype.py", line 242, in astype_array_safe
    new_values = astype_array(values, dtype, copy=copy)
  File "/home/airflow/.local/lib/python3.8/site-packages/pandas/core/dtypes/astype.py", line 187, in astype_array
    values = _astype_nansafe(values, dtype, copy=copy)
  File "/home/airflow/.local/lib/python3.8/site-packages/pandas/core/dtypes/astype.py", line 138, in _astype_nansafe
    return arr.astype(dtype, copy=True)
ValueError: could not convert string to float: 'SPECD'
[2024-01-10T11:43:01.325+0000] {taskinstance.py:1400} INFO - Marking task as FAILED. dag_id=sql_example, task_id=train_model, execution_date=20240110T114206, start_date=20240110T114257, end_date=20240110T114301
[2024-01-10T11:43:01.346+0000] {standard_task_runner.py:104} ERROR - Failed to execute job 275 for task train_model (could not convert string to float: 'SPECD'; 44926)
[2024-01-10T11:43:01.402+0000] {local_task_job_runner.py:228} INFO - Task exited with return code 1
[2024-01-10T11:43:01.433+0000] {taskinstance.py:2778} INFO - 0 downstream tasks scheduled from follow-on schedule check
