[2023-12-09T00:52:04.175+0000] {taskinstance.py:1159} INFO - Dependencies all met for dep_context=non-requeueable deps ti=<TaskInstance: taskflow.transfer_files manual__2023-12-09T00:52:01.130992+00:00 [queued]>
[2023-12-09T00:52:04.186+0000] {taskinstance.py:1159} INFO - Dependencies all met for dep_context=requeueable deps ti=<TaskInstance: taskflow.transfer_files manual__2023-12-09T00:52:01.130992+00:00 [queued]>
[2023-12-09T00:52:04.188+0000] {taskinstance.py:1361} INFO - Starting attempt 1 of 1
[2023-12-09T00:52:04.211+0000] {taskinstance.py:1382} INFO - Executing <Task(_PythonDecoratedOperator): transfer_files> on 2023-12-09 00:52:01.130992+00:00
[2023-12-09T00:52:04.223+0000] {standard_task_runner.py:57} INFO - Started process 2990 to run task
[2023-12-09T00:52:04.228+0000] {standard_task_runner.py:84} INFO - Running: ['***', 'tasks', 'run', 'taskflow', 'transfer_files', 'manual__2023-12-09T00:52:01.130992+00:00', '--job-id', '72', '--raw', '--subdir', 'DAGS_FOLDER/test_decorator.py', '--cfg-path', '/tmp/tmp7jwnykp2']
[2023-12-09T00:52:04.232+0000] {standard_task_runner.py:85} INFO - Job 72: Subtask transfer_files
[2023-12-09T00:52:04.282+0000] {task_command.py:416} INFO - Running <TaskInstance: taskflow.transfer_files manual__2023-12-09T00:52:01.130992+00:00 [running]> on host 3de6e37e1218
[2023-12-09T00:52:04.361+0000] {taskinstance.py:1662} INFO - Exporting env vars: AIRFLOW_CTX_DAG_OWNER='***' AIRFLOW_CTX_DAG_ID='taskflow' AIRFLOW_CTX_TASK_ID='transfer_files' AIRFLOW_CTX_EXECUTION_DATE='2023-12-09T00:52:01.130992+00:00' AIRFLOW_CTX_TRY_NUMBER='1' AIRFLOW_CTX_DAG_RUN_ID='manual__2023-12-09T00:52:01.130992+00:00'
[2023-12-09T00:52:04.363+0000] {taskinstance.py:1937} ERROR - Task failed with exception
Traceback (most recent call last):
  File "/home/airflow/.local/lib/python3.8/site-packages/airflow/decorators/base.py", line 221, in execute
    return_value = super().execute(context)
  File "/home/airflow/.local/lib/python3.8/site-packages/airflow/operators/python.py", line 192, in execute
    return_value = self.execute_callable()
  File "/home/airflow/.local/lib/python3.8/site-packages/airflow/operators/python.py", line 209, in execute_callable
    return self.python_callable(*self.op_args, **self.op_kwargs)
  File "/opt/airflow/dags/test_decorator.py", line 28, in transfer_file_to_GCS
    upload_to_gcs = LocalFilesystemToGCSOperator(
  File "/home/airflow/.local/lib/python3.8/site-packages/airflow/models/baseoperator.py", line 405, in apply_defaults
    task_group = TaskGroupContext.get_current_task_group(dag)
  File "/home/airflow/.local/lib/python3.8/site-packages/airflow/utils/task_group.py", line 662, in get_current_task_group
    return dag.task_group
AttributeError: 'function' object has no attribute 'task_group'
[2023-12-09T00:52:04.374+0000] {taskinstance.py:1400} INFO - Marking task as FAILED. dag_id=taskflow, task_id=transfer_files, execution_date=20231209T005201, start_date=20231209T005204, end_date=20231209T005204
[2023-12-09T00:52:04.382+0000] {standard_task_runner.py:104} ERROR - Failed to execute job 72 for task transfer_files ('function' object has no attribute 'task_group'; 2990)
[2023-12-09T00:52:04.404+0000] {local_task_job_runner.py:228} INFO - Task exited with return code 1
[2023-12-09T00:52:04.421+0000] {taskinstance.py:2778} INFO - 0 downstream tasks scheduled from follow-on schedule check
